<?xml version="1.0" encoding="UTF-8"?>
<testng-results skipped="0" failed="0" ignored="0" total="1" passed="1">
  <reporter-output>
  </reporter-output>
  <suite name="Default suite" duration-ms="42297" started-at="2020-02-07T22:01:19 CST" finished-at="2020-02-07T22:02:01 CST">
    <groups>
    </groups>
    <test name="Default test" duration-ms="42297" started-at="2020-02-07T22:01:19 CST" finished-at="2020-02-07T22:02:01 CST">
      <class name="test.Session5HwAddingNewAccount">
        <test-method status="PASS" signature="launchBrowser()[pri:0, instance:test.Session5HwAddingNewAccount@2758fe70]" name="launchBrowser" is-config="true" duration-ms="9327" started-at="2020-02-07T22:01:19 CST" finished-at="2020-02-07T22:01:28 CST">
          <reporter-output>
          </reporter-output>
        </test-method> <!-- launchBrowser -->
        <test-method status="PASS" signature="addNewUserAccount()[pri:0, instance:test.Session5HwAddingNewAccount@2758fe70]" name="addNewUserAccount" duration-ms="28875" started-at="2020-02-07T22:01:28 CST" finished-at="2020-02-07T22:01:57 CST">
          <reporter-output>
          </reporter-output>
        </test-method> <!-- addNewUserAccount -->
        <test-method status="PASS" signature="closeEverything()[pri:0, instance:test.Session5HwAddingNewAccount@2758fe70]" name="closeEverything" is-config="true" duration-ms="3943" started-at="2020-02-07T22:01:57 CST" finished-at="2020-02-07T22:02:01 CST">
          <reporter-output>
          </reporter-output>
        </test-method> <!-- closeEverything -->
      </class> <!-- test.Session5HwAddingNewAccount -->
    </test> <!-- Default test -->
  </suite> <!-- Default suite -->
</testng-results>
